<?xml version="1.0" encoding="UTF-8"?>
<testng-results ignored="0" total="36" passed="36" failed="0" skipped="0">
  <reporter-output>
  </reporter-output>
  <suite started-at="2023-05-29T19:25:05 CDT" name="Default suite" finished-at="2023-05-29T19:25:56 CDT" duration-ms="50451">
    <groups>
      <group name="cucumber">
        <method signature="AbstractTestNGCucumberTests.runScenario(io.cucumber.testng.PickleWrapper,io.cucumber.testng.FeatureWrapper)[pri:0, instance:TestRunner.testRunner$TestRunner@248e319b]" name="runScenario" class="io.cucumber.testng.AbstractTestNGCucumberTests"/>
      </group> <!-- cucumber -->
    </groups>
    <test started-at="2023-05-29T19:25:05 CDT" name="Default test" finished-at="2023-05-29T19:25:56 CDT" duration-ms="50451">
      <class name="TestRunner.testRunner$TestRunner">
        <test-method is-config="true" signature="setUpClass(org.testng.ITestContext)[pri:0, instance:TestRunner.testRunner$TestRunner@248e319b]" started-at="2023-05-29T19:25:05 CDT" name="setUpClass" finished-at="2023-05-29T19:25:20 CDT" duration-ms="14388" status="PASS">
          <params>
            <param index="0">
              <value>
                <![CDATA[org.testng.TestRunner@57167ccb]]>
              </value>
            </param>
          </params>
          <reporter-output>
          </reporter-output>
        </test-method> <!-- setUpClass -->
        <test-method signature="runScenario(io.cucumber.testng.PickleWrapper,io.cucumber.testng.FeatureWrapper)[pri:0, instance:TestRunner.testRunner$TestRunner@248e319b]" started-at="2023-05-29T19:25:20 CDT" name="runScenario" description="Runs Cucumber Scenarios" data-provider="scenarios" finished-at="2023-05-29T19:25:21 CDT" duration-ms="1120" status="PASS">
          <params>
            <param index="0">
              <value>
                <![CDATA["user starts dsalgo site"]]>
              </value>
            </param>
            <param index="1">
              <value>
                <![CDATA["Get started page"]]>
              </value>
            </param>
          </params>
          <reporter-output>
          </reporter-output>
        </test-method> <!-- runScenario -->
        <test-method signature="runScenario(io.cucumber.testng.PickleWrapper,io.cucumber.testng.FeatureWrapper)[pri:0, instance:TestRunner.testRunner$TestRunner@248e319b]" started-at="2023-05-29T19:25:21 CDT" name="runScenario" description="Runs Cucumber Scenarios" data-provider="scenarios" finished-at="2023-05-29T19:25:24 CDT" duration-ms="2765" status="PASS">
          <params>
            <param index="0">
              <value>
                <![CDATA["Check all empty field message"]]>
              </value>
            </param>
            <param index="1">
              <value>
                <![CDATA["Check Register functionality"]]>
              </value>
            </param>
          </params>
          <reporter-output>
          </reporter-output>
        </test-method> <!-- runScenario -->
        <test-method signature="runScenario(io.cucumber.testng.PickleWrapper,io.cucumber.testng.FeatureWrapper)[pri:0, instance:TestRunner.testRunner$TestRunner@248e319b]" started-at="2023-05-29T19:25:24 CDT" name="runScenario" description="Runs Cucumber Scenarios" data-provider="scenarios" finished-at="2023-05-29T19:25:32 CDT" duration-ms="8113" status="PASS">
          <params>
            <param index="0">
              <value>
                <![CDATA["Check invalid Username"]]>
              </value>
            </param>
            <param index="1">
              <value>
                <![CDATA["Check Register functionality"]]>
              </value>
            </param>
          </params>
          <reporter-output>
          </reporter-output>
        </test-method> <!-- runScenario -->
        <test-method signature="runScenario(io.cucumber.testng.PickleWrapper,io.cucumber.testng.FeatureWrapper)[pri:0, instance:TestRunner.testRunner$TestRunner@248e319b]" started-at="2023-05-29T19:25:32 CDT" name="runScenario" description="Runs Cucumber Scenarios" data-provider="scenarios" finished-at="2023-05-29T19:25:32 CDT" duration-ms="648" status="PASS">
          <params>
            <param index="0">
              <value>
                <![CDATA["Check invalid Password"]]>
              </value>
            </param>
            <param index="1">
              <value>
                <![CDATA["Check Register functionality"]]>
              </value>
            </param>
          </params>
          <reporter-output>
          </reporter-output>
        </test-method> <!-- runScenario -->
        <test-method signature="runScenario(io.cucumber.testng.PickleWrapper,io.cucumber.testng.FeatureWrapper)[pri:0, instance:TestRunner.testRunner$TestRunner@248e319b]" started-at="2023-05-29T19:25:32 CDT" name="runScenario" description="Runs Cucumber Scenarios" data-provider="scenarios" finished-at="2023-05-29T19:25:33 CDT" duration-ms="791" status="PASS">
          <params>
            <param index="0">
              <value>
                <![CDATA["Check mismatch Password confirmation message"]]>
              </value>
            </param>
            <param index="1">
              <value>
                <![CDATA["Check Register functionality"]]>
              </value>
            </param>
          </params>
          <reporter-output>
          </reporter-output>
        </test-method> <!-- runScenario -->
        <test-method signature="runScenario(io.cucumber.testng.PickleWrapper,io.cucumber.testng.FeatureWrapper)[pri:0, instance:TestRunner.testRunner$TestRunner@248e319b]" started-at="2023-05-29T19:25:33 CDT" name="runScenario" description="Runs Cucumber Scenarios" data-provider="scenarios" finished-at="2023-05-29T19:25:33 CDT" duration-ms="9" status="PASS">
          <params>
            <param index="0">
              <value>
                <![CDATA["The user redirected to Homepage with valid details"]]>
              </value>
            </param>
            <param index="1">
              <value>
                <![CDATA["Check Register functionality"]]>
              </value>
            </param>
          </params>
          <reporter-output>
          </reporter-output>
        </test-method> <!-- runScenario -->
        <test-method signature="runScenario(io.cucumber.testng.PickleWrapper,io.cucumber.testng.FeatureWrapper)[pri:0, instance:TestRunner.testRunner$TestRunner@248e319b]" started-at="2023-05-29T19:25:33 CDT" name="runScenario" description="Runs Cucumber Scenarios" data-provider="scenarios" finished-at="2023-05-29T19:25:35 CDT" duration-ms="1587" status="PASS">
          <params>
            <param index="0">
              <value>
                <![CDATA["user logins with correct credentials"]]>
              </value>
            </param>
            <param index="1">
              <value>
                <![CDATA["validating signin page"]]>
              </value>
            </param>
          </params>
          <reporter-output>
          </reporter-output>
        </test-method> <!-- runScenario -->
        <test-method signature="runScenario(io.cucumber.testng.PickleWrapper,io.cucumber.testng.FeatureWrapper)[pri:0, instance:TestRunner.testRunner$TestRunner@248e319b]" started-at="2023-05-29T19:25:35 CDT" name="runScenario" description="Runs Cucumber Scenarios" data-provider="scenarios" finished-at="2023-05-29T19:25:35 CDT" duration-ms="175" status="PASS">
          <params>
            <param index="0">
              <value>
                <![CDATA["The user is able to navigate to Data Structure introduction page"]]>
              </value>
            </param>
            <param index="1">
              <value>
                <![CDATA["validating data structue page"]]>
              </value>
            </param>
          </params>
          <reporter-output>
          </reporter-output>
        </test-method> <!-- runScenario -->
        <test-method signature="runScenario(io.cucumber.testng.PickleWrapper,io.cucumber.testng.FeatureWrapper)[pri:0, instance:TestRunner.testRunner$TestRunner@248e319b]" started-at="2023-05-29T19:25:35 CDT" name="runScenario" description="Runs Cucumber Scenarios" data-provider="scenarios" finished-at="2023-05-29T19:25:38 CDT" duration-ms="2936" status="PASS">
          <params>
            <param index="0">
              <value>
                <![CDATA["The user is able to navigate to Time Complexity page"]]>
              </value>
            </param>
            <param index="1">
              <value>
                <![CDATA["validating data structue page"]]>
              </value>
            </param>
          </params>
          <reporter-output>
          </reporter-output>
        </test-method> <!-- runScenario -->
        <test-method signature="runScenario(io.cucumber.testng.PickleWrapper,io.cucumber.testng.FeatureWrapper)[pri:0, instance:TestRunner.testRunner$TestRunner@248e319b]" started-at="2023-05-29T19:25:38 CDT" name="runScenario" description="Runs Cucumber Scenarios" data-provider="scenarios" finished-at="2023-05-29T19:25:38 CDT" duration-ms="181" status="PASS">
          <params>
            <param index="0">
              <value>
                <![CDATA["user navigate to Array page"]]>
              </value>
            </param>
            <param index="1">
              <value>
                <![CDATA["Unknown"]]>
              </value>
            </param>
          </params>
          <reporter-output>
          </reporter-output>
        </test-method> <!-- runScenario -->
        <test-method signature="runScenario(io.cucumber.testng.PickleWrapper,io.cucumber.testng.FeatureWrapper)[pri:0, instance:TestRunner.testRunner$TestRunner@248e319b]" started-at="2023-05-29T19:25:38 CDT" name="runScenario" description="Runs Cucumber Scenarios" data-provider="scenarios" finished-at="2023-05-29T19:25:39 CDT" duration-ms="761" status="PASS">
          <params>
            <param index="0">
              <value>
                <![CDATA["The user is able to navigate to Arrays in Python page"]]>
              </value>
            </param>
            <param index="1">
              <value>
                <![CDATA["Unknown"]]>
              </value>
            </param>
          </params>
          <reporter-output>
          </reporter-output>
        </test-method> <!-- runScenario -->
        <test-method signature="runScenario(io.cucumber.testng.PickleWrapper,io.cucumber.testng.FeatureWrapper)[pri:0, instance:TestRunner.testRunner$TestRunner@248e319b]" started-at="2023-05-29T19:25:39 CDT" name="runScenario" description="Runs Cucumber Scenarios" data-provider="scenarios" finished-at="2023-05-29T19:25:39 CDT" duration-ms="381" status="PASS">
          <params>
            <param index="0">
              <value>
                <![CDATA["user navigate to Practice question"]]>
              </value>
            </param>
            <param index="1">
              <value>
                <![CDATA["Unknown"]]>
              </value>
            </param>
          </params>
          <reporter-output>
          </reporter-output>
        </test-method> <!-- runScenario -->
        <test-method signature="runScenario(io.cucumber.testng.PickleWrapper,io.cucumber.testng.FeatureWrapper)[pri:0, instance:TestRunner.testRunner$TestRunner@248e319b]" started-at="2023-05-29T19:25:39 CDT" name="runScenario" description="Runs Cucumber Scenarios" data-provider="scenarios" finished-at="2023-05-29T19:25:39 CDT" duration-ms="205" status="PASS">
          <params>
            <param index="0">
              <value>
                <![CDATA["User navigated to linked list page"]]>
              </value>
            </param>
            <param index="1">
              <value>
                <![CDATA["Unknown"]]>
              </value>
            </param>
          </params>
          <reporter-output>
          </reporter-output>
        </test-method> <!-- runScenario -->
        <test-method signature="runScenario(io.cucumber.testng.PickleWrapper,io.cucumber.testng.FeatureWrapper)[pri:0, instance:TestRunner.testRunner$TestRunner@248e319b]" started-at="2023-05-29T19:25:39 CDT" name="runScenario" description="Runs Cucumber Scenarios" data-provider="scenarios" finished-at="2023-05-29T19:25:40 CDT" duration-ms="394" status="PASS">
          <params>
            <param index="0">
              <value>
                <![CDATA["User navigated to Introduction page"]]>
              </value>
            </param>
            <param index="1">
              <value>
                <![CDATA["Unknown"]]>
              </value>
            </param>
          </params>
          <reporter-output>
          </reporter-output>
        </test-method> <!-- runScenario -->
        <test-method signature="runScenario(io.cucumber.testng.PickleWrapper,io.cucumber.testng.FeatureWrapper)[pri:0, instance:TestRunner.testRunner$TestRunner@248e319b]" started-at="2023-05-29T19:25:40 CDT" name="runScenario" description="Runs Cucumber Scenarios" data-provider="scenarios" finished-at="2023-05-29T19:25:40 CDT" duration-ms="257" status="PASS">
          <params>
            <param index="0">
              <value>
                <![CDATA["The user run the code in tryEditor with valid input for Introduction page"]]>
              </value>
            </param>
            <param index="1">
              <value>
                <![CDATA["Unknown"]]>
              </value>
            </param>
          </params>
          <reporter-output>
          </reporter-output>
        </test-method> <!-- runScenario -->
        <test-method signature="runScenario(io.cucumber.testng.PickleWrapper,io.cucumber.testng.FeatureWrapper)[pri:0, instance:TestRunner.testRunner$TestRunner@248e319b]" started-at="2023-05-29T19:25:40 CDT" name="runScenario" description="Runs Cucumber Scenarios" data-provider="scenarios" finished-at="2023-05-29T19:25:41 CDT" duration-ms="404" status="PASS">
          <params>
            <param index="0">
              <value>
                <![CDATA["User to check Creating Linked List page"]]>
              </value>
            </param>
            <param index="1">
              <value>
                <![CDATA["Unknown"]]>
              </value>
            </param>
          </params>
          <reporter-output>
          </reporter-output>
        </test-method> <!-- runScenario -->
        <test-method signature="runScenario(io.cucumber.testng.PickleWrapper,io.cucumber.testng.FeatureWrapper)[pri:0, instance:TestRunner.testRunner$TestRunner@248e319b]" started-at="2023-05-29T19:25:41 CDT" name="runScenario" description="Runs Cucumber Scenarios" data-provider="scenarios" finished-at="2023-05-29T19:25:42 CDT" duration-ms="1239" status="PASS">
          <params>
            <param index="0">
              <value>
                <![CDATA["The user run the code in tryEditor with valid input for Creating Linked List page"]]>
              </value>
            </param>
            <param index="1">
              <value>
                <![CDATA["Unknown"]]>
              </value>
            </param>
          </params>
          <reporter-output>
          </reporter-output>
        </test-method> <!-- runScenario -->
        <test-method signature="runScenario(io.cucumber.testng.PickleWrapper,io.cucumber.testng.FeatureWrapper)[pri:0, instance:TestRunner.testRunner$TestRunner@248e319b]" started-at="2023-05-29T19:25:42 CDT" name="runScenario" description="Runs Cucumber Scenarios" data-provider="scenarios" finished-at="2023-05-29T19:25:42 CDT" duration-ms="164" status="PASS">
          <params>
            <param index="0">
              <value>
                <![CDATA["The user is directed to Stack Page"]]>
              </value>
            </param>
            <param index="1">
              <value>
                <![CDATA["check Stack Functionality"]]>
              </value>
            </param>
          </params>
          <reporter-output>
          </reporter-output>
        </test-method> <!-- runScenario -->
        <test-method signature="runScenario(io.cucumber.testng.PickleWrapper,io.cucumber.testng.FeatureWrapper)[pri:0, instance:TestRunner.testRunner$TestRunner@248e319b]" started-at="2023-05-29T19:25:42 CDT" name="runScenario" description="Runs Cucumber Scenarios" data-provider="scenarios" finished-at="2023-05-29T19:25:42 CDT" duration-ms="341" status="PASS">
          <params>
            <param index="0">
              <value>
                <![CDATA["user checking operation functionality"]]>
              </value>
            </param>
            <param index="1">
              <value>
                <![CDATA["check Stack Functionality"]]>
              </value>
            </param>
          </params>
          <reporter-output>
          </reporter-output>
        </test-method> <!-- runScenario -->
        <test-method signature="runScenario(io.cucumber.testng.PickleWrapper,io.cucumber.testng.FeatureWrapper)[pri:0, instance:TestRunner.testRunner$TestRunner@248e319b]" started-at="2023-05-29T19:25:42 CDT" name="runScenario" description="Runs Cucumber Scenarios" data-provider="scenarios" finished-at="2023-05-29T19:25:43 CDT" duration-ms="1192" status="PASS">
          <params>
            <param index="0">
              <value>
                <![CDATA["user is on tryeditor page"]]>
              </value>
            </param>
            <param index="1">
              <value>
                <![CDATA["check Stack Functionality"]]>
              </value>
            </param>
          </params>
          <reporter-output>
          </reporter-output>
        </test-method> <!-- runScenario -->
        <test-method signature="runScenario(io.cucumber.testng.PickleWrapper,io.cucumber.testng.FeatureWrapper)[pri:0, instance:TestRunner.testRunner$TestRunner@248e319b]" started-at="2023-05-29T19:25:43 CDT" name="runScenario" description="Runs Cucumber Scenarios" data-provider="scenarios" finished-at="2023-05-29T19:25:46 CDT" duration-ms="2167" status="PASS">
          <params>
            <param index="0">
              <value>
                <![CDATA["check Queue fuctionality"]]>
              </value>
            </param>
            <param index="1">
              <value>
                <![CDATA["check Queue fuctionality"]]>
              </value>
            </param>
          </params>
          <reporter-output>
          </reporter-output>
        </test-method> <!-- runScenario -->
        <test-method signature="runScenario(io.cucumber.testng.PickleWrapper,io.cucumber.testng.FeatureWrapper)[pri:0, instance:TestRunner.testRunner$TestRunner@248e319b]" started-at="2023-05-29T19:25:46 CDT" name="runScenario" description="Runs Cucumber Scenarios" data-provider="scenarios" finished-at="2023-05-29T19:25:46 CDT" duration-ms="313" status="PASS">
          <params>
            <param index="0">
              <value>
                <![CDATA["user checking operation functionality"]]>
              </value>
            </param>
            <param index="1">
              <value>
                <![CDATA["check Queue fuctionality"]]>
              </value>
            </param>
          </params>
          <reporter-output>
          </reporter-output>
        </test-method> <!-- runScenario -->
        <test-method signature="runScenario(io.cucumber.testng.PickleWrapper,io.cucumber.testng.FeatureWrapper)[pri:0, instance:TestRunner.testRunner$TestRunner@248e319b]" started-at="2023-05-29T19:25:46 CDT" name="runScenario" description="Runs Cucumber Scenarios" data-provider="scenarios" finished-at="2023-05-29T19:25:47 CDT" duration-ms="1203" status="PASS">
          <params>
            <param index="0">
              <value>
                <![CDATA["user is on tryeditor page of Queue"]]>
              </value>
            </param>
            <param index="1">
              <value>
                <![CDATA["check Queue fuctionality"]]>
              </value>
            </param>
          </params>
          <reporter-output>
          </reporter-output>
        </test-method> <!-- runScenario -->
        <test-method signature="runScenario(io.cucumber.testng.PickleWrapper,io.cucumber.testng.FeatureWrapper)[pri:0, instance:TestRunner.testRunner$TestRunner@248e319b]" started-at="2023-05-29T19:25:47 CDT" name="runScenario" description="Runs Cucumber Scenarios" data-provider="scenarios" finished-at="2023-05-29T19:25:47 CDT" duration-ms="176" status="PASS">
          <params>
            <param index="0">
              <value>
                <![CDATA["user navigate to Tree page"]]>
              </value>
            </param>
            <param index="1">
              <value>
                <![CDATA["checking Tree page functionality"]]>
              </value>
            </param>
          </params>
          <reporter-output>
          </reporter-output>
        </test-method> <!-- runScenario -->
        <test-method signature="runScenario(io.cucumber.testng.PickleWrapper,io.cucumber.testng.FeatureWrapper)[pri:0, instance:TestRunner.testRunner$TestRunner@248e319b]" started-at="2023-05-29T19:25:47 CDT" name="runScenario" description="Runs Cucumber Scenarios" data-provider="scenarios" finished-at="2023-05-29T19:25:48 CDT" duration-ms="343" status="PASS">
          <params>
            <param index="0">
              <value>
                <![CDATA["The user is able to navigate to Overview of Trees"]]>
              </value>
            </param>
            <param index="1">
              <value>
                <![CDATA["checking Tree page functionality"]]>
              </value>
            </param>
          </params>
          <reporter-output>
          </reporter-output>
        </test-method> <!-- runScenario -->
        <test-method signature="runScenario(io.cucumber.testng.PickleWrapper,io.cucumber.testng.FeatureWrapper)[pri:0, instance:TestRunner.testRunner$TestRunner@248e319b]" started-at="2023-05-29T19:25:48 CDT" name="runScenario" description="Runs Cucumber Scenarios" data-provider="scenarios" finished-at="2023-05-29T19:25:49 CDT" duration-ms="1263" status="PASS">
          <params>
            <param index="0">
              <value>
                <![CDATA["user checking TextArea"]]>
              </value>
            </param>
            <param index="1">
              <value>
                <![CDATA["checking Tree page functionality"]]>
              </value>
            </param>
          </params>
          <reporter-output>
          </reporter-output>
        </test-method> <!-- runScenario -->
        <test-method signature="runScenario(io.cucumber.testng.PickleWrapper,io.cucumber.testng.FeatureWrapper)[pri:0, instance:TestRunner.testRunner$TestRunner@248e319b]" started-at="2023-05-29T19:25:49 CDT" name="runScenario" description="Runs Cucumber Scenarios" data-provider="scenarios" finished-at="2023-05-29T19:25:49 CDT" duration-ms="325" status="PASS">
          <params>
            <param index="0">
              <value>
                <![CDATA["The user is able to navigate to Terminologies"]]>
              </value>
            </param>
            <param index="1">
              <value>
                <![CDATA["checking Tree page functionality"]]>
              </value>
            </param>
          </params>
          <reporter-output>
          </reporter-output>
        </test-method> <!-- runScenario -->
        <test-method signature="runScenario(io.cucumber.testng.PickleWrapper,io.cucumber.testng.FeatureWrapper)[pri:0, instance:TestRunner.testRunner$TestRunner@248e319b]" started-at="2023-05-29T19:25:49 CDT" name="runScenario" description="Runs Cucumber Scenarios" data-provider="scenarios" finished-at="2023-05-29T19:25:51 CDT" duration-ms="1258" status="PASS">
          <params>
            <param index="0">
              <value>
                <![CDATA["user checking TextArea Terminologies"]]>
              </value>
            </param>
            <param index="1">
              <value>
                <![CDATA["checking Tree page functionality"]]>
              </value>
            </param>
          </params>
          <reporter-output>
          </reporter-output>
        </test-method> <!-- runScenario -->
        <test-method signature="runScenario(io.cucumber.testng.PickleWrapper,io.cucumber.testng.FeatureWrapper)[pri:0, instance:TestRunner.testRunner$TestRunner@248e319b]" started-at="2023-05-29T19:25:51 CDT" name="runScenario" description="Runs Cucumber Scenarios" data-provider="scenarios" finished-at="2023-05-29T19:25:51 CDT" duration-ms="321" status="PASS">
          <params>
            <param index="0">
              <value>
                <![CDATA["The user is able to navigate to Types of Tree"]]>
              </value>
            </param>
            <param index="1">
              <value>
                <![CDATA["checking Tree page functionality"]]>
              </value>
            </param>
          </params>
          <reporter-output>
          </reporter-output>
        </test-method> <!-- runScenario -->
        <test-method signature="runScenario(io.cucumber.testng.PickleWrapper,io.cucumber.testng.FeatureWrapper)[pri:0, instance:TestRunner.testRunner$TestRunner@248e319b]" started-at="2023-05-29T19:25:51 CDT" name="runScenario" description="Runs Cucumber Scenarios" data-provider="scenarios" finished-at="2023-05-29T19:25:52 CDT" duration-ms="1209" status="PASS">
          <params>
            <param index="0">
              <value>
                <![CDATA["user checking TextArea Types of Tree"]]>
              </value>
            </param>
            <param index="1">
              <value>
                <![CDATA["checking Tree page functionality"]]>
              </value>
            </param>
          </params>
          <reporter-output>
          </reporter-output>
        </test-method> <!-- runScenario -->
        <test-method signature="runScenario(io.cucumber.testng.PickleWrapper,io.cucumber.testng.FeatureWrapper)[pri:0, instance:TestRunner.testRunner$TestRunner@248e319b]" started-at="2023-05-29T19:25:52 CDT" name="runScenario" description="Runs Cucumber Scenarios" data-provider="scenarios" finished-at="2023-05-29T19:25:52 CDT" duration-ms="160" status="PASS">
          <params>
            <param index="0">
              <value>
                <![CDATA["user is to check Graph operation"]]>
              </value>
            </param>
            <param index="1">
              <value>
                <![CDATA["user is checking Graph functionality"]]>
              </value>
            </param>
          </params>
          <reporter-output>
          </reporter-output>
        </test-method> <!-- runScenario -->
        <test-method signature="runScenario(io.cucumber.testng.PickleWrapper,io.cucumber.testng.FeatureWrapper)[pri:0, instance:TestRunner.testRunner$TestRunner@248e319b]" started-at="2023-05-29T19:25:52 CDT" name="runScenario" description="Runs Cucumber Scenarios" data-provider="scenarios" finished-at="2023-05-29T19:25:53 CDT" duration-ms="327" status="PASS">
          <params>
            <param index="0">
              <value>
                <![CDATA["user checking try editor functionality"]]>
              </value>
            </param>
            <param index="1">
              <value>
                <![CDATA["user is checking Graph functionality"]]>
              </value>
            </param>
          </params>
          <reporter-output>
          </reporter-output>
        </test-method> <!-- runScenario -->
        <test-method signature="runScenario(io.cucumber.testng.PickleWrapper,io.cucumber.testng.FeatureWrapper)[pri:0, instance:TestRunner.testRunner$TestRunner@248e319b]" started-at="2023-05-29T19:25:53 CDT" name="runScenario" description="Runs Cucumber Scenarios" data-provider="scenarios" finished-at="2023-05-29T19:25:54 CDT" duration-ms="1195" status="PASS">
          <params>
            <param index="0">
              <value>
                <![CDATA["user is on tryeditor of Graph page"]]>
              </value>
            </param>
            <param index="1">
              <value>
                <![CDATA["user is checking Graph functionality"]]>
              </value>
            </param>
          </params>
          <reporter-output>
          </reporter-output>
        </test-method> <!-- runScenario -->
        <test-method signature="runScenario(io.cucumber.testng.PickleWrapper,io.cucumber.testng.FeatureWrapper)[pri:0, instance:TestRunner.testRunner$TestRunner@248e319b]" started-at="2023-05-29T19:25:54 CDT" name="runScenario" description="Runs Cucumber Scenarios" data-provider="scenarios" finished-at="2023-05-29T19:25:54 CDT" duration-ms="404" status="PASS">
          <params>
            <param index="0">
              <value>
                <![CDATA["user checking try editor functionality of Graph representation"]]>
              </value>
            </param>
            <param index="1">
              <value>
                <![CDATA["user is checking Graph functionality"]]>
              </value>
            </param>
          </params>
          <reporter-output>
          </reporter-output>
        </test-method> <!-- runScenario -->
        <test-method signature="runScenario(io.cucumber.testng.PickleWrapper,io.cucumber.testng.FeatureWrapper)[pri:0, instance:TestRunner.testRunner$TestRunner@248e319b]" started-at="2023-05-29T19:25:54 CDT" name="runScenario" description="Runs Cucumber Scenarios" data-provider="scenarios" finished-at="2023-05-29T19:25:55 CDT" duration-ms="1222" status="PASS">
          <params>
            <param index="0">
              <value>
                <![CDATA["user is on tryeditor of Graph representation page"]]>
              </value>
            </param>
            <param index="1">
              <value>
                <![CDATA["user is checking Graph functionality"]]>
              </value>
            </param>
          </params>
          <reporter-output>
          </reporter-output>
        </test-method> <!-- runScenario -->
        <test-method signature="runScenario(io.cucumber.testng.PickleWrapper,io.cucumber.testng.FeatureWrapper)[pri:0, instance:TestRunner.testRunner$TestRunner@248e319b]" started-at="2023-05-29T19:25:55 CDT" name="runScenario" description="Runs Cucumber Scenarios" data-provider="scenarios" finished-at="2023-05-29T19:25:56 CDT" duration-ms="166" status="PASS">
          <params>
            <param index="0">
              <value>
                <![CDATA["User is to sign out from DSalgo"]]>
              </value>
            </param>
            <param index="1">
              <value>
                <![CDATA["user is checking Graph functionality"]]>
              </value>
            </param>
          </params>
          <reporter-output>
          </reporter-output>
        </test-method> <!-- runScenario -->
        <test-method is-config="true" signature="tearDownClass()[pri:0, instance:TestRunner.testRunner$TestRunner@248e319b]" started-at="2023-05-29T19:25:56 CDT" name="tearDownClass" finished-at="2023-05-29T19:25:56 CDT" duration-ms="51" status="PASS">
          <reporter-output>
          </reporter-output>
        </test-method> <!-- tearDownClass -->
      </class> <!-- TestRunner.testRunner$TestRunner -->
    </test> <!-- Default test -->
  </suite> <!-- Default suite -->
</testng-results>
